<?xml version="1.0" encoding="UTF-8"?>
<testsuites tests="15" failures="0" disabled="0" errors="0" timestamp="2017-11-15T15:58:23" time="10.337" name="AllTests">
  <testsuite name="TestSuite1" tests="2" failures="0" disabled="0" errors="0" time="0">
    <testcase name="TestCase1" status="run" time="0" classname="ConfigurationFileLoaderTest" />
    <testcase name="TestCase2" status="run" time="0" classname="ConfigurationFileLoaderTest" />
  </testsuite>
  <testsuite name="TestSuite2" tests="1" failures="0" disabled="0" errors="0" time="0">
    <testcase name="TestCase3" status="run" time="0" classname="ConfigurationTest" />
  </testsuite>
  <testsuite name="TestSuite3" tests="4" failures="0" disabled="0" errors="0" time="4.206">
    <testcase name="TestCase4" status="run" time="0.654" classname="ImageSetLoaderTest" />
    <testcase name="TestCase5" status="run" time="0" classname="ImageSetLoaderTest" />
    <testcase name="TestCase6" status="run" time="1.551" classname="ImageSetLoaderTest" />
    <testcase name="TestCase7" status="run" time="2.001" classname="ImageSetLoaderTest" />
  </testsuite>
  <testsuite name="TestSuite4" tests="2" failures="0" disabled="0" errors="0" time="4.696">
    <testcase name="TestCase9" status="run" time="2.186" classname="ImageSetSaverTest" />
    <testcase name="TestCase10" status="run" time="2.51" classname="ImageSetSaverTest" />
  </testsuite>
  <testsuite name="TestSuite5" tests="1" failures="0" disabled="0" errors="0" time="1.091">
    <testcase name="TestCase12" status="run" time="1.091" classname="LoadingObjTest" />
  </testsuite>
  <testsuite name="TestSuite6" tests="3" failures="0" disabled="0" errors="0" time="0.075">
    <testcase name="TestCase8" status="run" time="0.075" classname="Model3DFileLoaderTest" />
    <testcase name="TestCase11" status="run" time="0" classname="Model3DFileLoaderTest" />
    <testcase name="TestCase13" status="run" time="0" classname="Model3DFileLoaderTest" />
  </testsuite>
  <testsuite name="TestSuite7" tests="1" failures="0" disabled="0" errors="0" time="0.269">
    <testcase name="TestCase14" status="run" time="0.269" classname="Model3DFileSaverTest" />
  </testsuite>
  <testsuite name="TestSuite8" tests="1" failures="0" disabled="0" errors="0" time="0">
    <testcase name="TestCase15" status="run" time="0" classname="StepConfigurationTest" />
  </testsuite>
</testsuites>
